Info: Nothing to build for Homework4
Info: Nothing to build for CommandLine
Info: Nothing to build for GameOfLife
Info: Nothing to build for Homework1
Info: Nothing to build for Homework2
Info: Nothing to build for Homework3
16:15:26 **** Incremental Build of configuration Debug for project Homework4 ****
Info: Internal Builder is used for build
g++ -O0 -g3 -Wall -c -fmessage-length=0 -o "src\\Test.o" "..\\src\\Test.cpp" 
g++ -o Homework4.exe "src\\Test.o" 
c:/mingw/bin/../lib/gcc/mingw32/8.2.0/../../../../mingw32/bin/ld.exe: c:/mingw/bin/../lib/gcc/mingw32/8.2.0/../../../libmingw32.a(main.o):(.text.startup+0xb0): undefined reference to `WinMain@16'
collect2.exe: error: ld returned 1 exit status
Info: Nothing to build for Spreadsheet
Info: Nothing to build for CommandLine
Info: Nothing to build for GameOfLife
Info: Nothing to build for Homework1
Info: Nothing to build for Homework2
Info: Nothing to build for Homework3
16:15:59 **** Incremental Build of configuration Debug for project Homework4 ****
Info: Internal Builder is used for build
gcc -O0 -g3 -Wall -c -fmessage-length=0 -o "src\\Room.o" "..\\src\\Room.c" 
gcc -O0 -g3 -Wall -c -fmessage-length=0 -o "src\\Layout.o" "..\\src\\Layout.c" 
..\src\Layout.c: In function 'accessibleRooms':
..\src\Layout.c:19:54: warning: comparison between pointer and integer
       && layout.roomGraph[row * layout.nRooms + col] == 1) {
                                                      ^~
..\src\Layout.c: In function 'numAccessibleRooms':
..\src\Layout.c:37:54: warning: comparison between pointer and integer
       && layout.roomGraph[row * layout.nRooms + col] == 1) {
                                                      ^~
..\src\Layout.c: In function 'printGraph':
..\src\Layout.c:54:13: warning: format '%d' expects argument of type 'int', but argument 2 has type 'int *' [-Wformat=]
    printf("%d\n", layout.roomGraph[i * layout.nRooms + j]);
            ~^     ~~~~~~~~~~~~~~~~~~~~~~~~~~~~~~~~~~~~~~~
            %n
gcc -O0 -g3 -Wall -c -fmessage-length=0 -o "src\\House.o" "..\\src\\House.c" 
..\src\House.c: In function 'accessibleLayouts':
..\src\House.c:19:56: warning: comparison between pointer and integer
       && house.layoutGraph[row * house.nLayouts + col] == 1) {
                                                        ^~
..\src\House.c: In function 'numAccessibleLayouts':
..\src\House.c:37:56: warning: comparison between pointer and integer
       && house.layoutGraph[row * house.nLayouts + col] == 1) {
                                                        ^~
gcc -O0 -g3 -Wall -c -fmessage-length=0 -o "src\\Search.o" "..\\src\\Search.c" 
g++ -O0 -g3 -Wall -c -fmessage-length=0 -o "src\\Homework4.o" "..\\src\\Homework4.cpp" 
gcc -O0 -g3 -Wall -c -fmessage-length=0 -o "src\\production.o" "..\\src\\production.c" 
..\src\production.c: In function 'production':
..\src\production.c:35:22: warning: implicit declaration of function 'strtol' [-Wimplicit-function-declaration]
     maxRooms = (int) strtol(argv[i], &eptr, 10);
                      ^~~~~~
..\src\production.c:97:43: warning: initialization of 'int **' from incompatible pointer type 'int (*)[(sizetype)(numRooms)]' [-Wincompatible-pointer-types]
  Layout layout = { 1, numRooms, roomList, roomGraph };
                                           ^~~~~~~~~
..\src\production.c:97:43: note: (near initialization for 'layout.roomGraph')
..\src\production.c:99:2: warning: braces around scalar initializer
  House house = { 1, layouts, { { 1 } } };
  ^~~~~
..\src\production.c:99:2: note: (near initialization for 'house.layoutGraph')
..\src\production.c:99:2: warning: braces around scalar initializer
..\src\production.c:99:2: note: (near initialization for 'house.layoutGraph')
..\src\production.c:99:34: warning: initialization of 'int **' from 'int' makes pointer from integer without a cast [-Wint-conversion]
  House house = { 1, layouts, { { 1 } } };
                                  ^
..\src\production.c:99:34: note: (near initialization for 'house.layoutGraph')
gcc -O0 -g3 -Wall -c -fmessage-length=0 -o "src\\tests.o" "..\\src\\tests.c" 
..\src\tests.c:39:39: warning: initialization of 'int **' from incompatible pointer type 'int (*)[4]' [-Wincompatible-pointer-types]
 const Layout layout1 = {1, 4, rooms1, roomGraph1};
                                       ^~~~~~~~~~
..\src\tests.c:39:39: note: (near initialization for 'layout1.roomGraph')
..\src\tests.c:40:39: warning: initialization of 'int **' from incompatible pointer type 'int (*)[4]' [-Wincompatible-pointer-types]
 const Layout layout2 = {2, 4, rooms2, roomGraph2};
                                       ^~~~~~~~~~
..\src\tests.c:40:39: note: (near initialization for 'layout2.roomGraph')
..\src\tests.c:44:28: warning: initialization of 'int **' from incompatible pointer type 'int (*)[2]' [-Wincompatible-pointer-types]
 House house = {2, layouts, layoutGraph};
                            ^~~~~~~~~~~
..\src\tests.c:44:28: note: (near initialization for 'house.layoutGraph')
g++ -o Homework4.exe "src\\Homework4.o" "src\\House.o" "src\\Layout.o" "src\\Room.o" "src\\Search.o" "src\\production.o" "src\\tests.o" 
c:/mingw/bin/../lib/gcc/mingw32/8.2.0/../../../../mingw32/bin/ld.exe: src\Homework4.o: in function `main':
C:\Users\gustt\Desktop\Coding\CS-2303\Homework4\Debug/../src/Homework4.cpp:22: undefined reference to `tests()'
c:/mingw/bin/../lib/gcc/mingw32/8.2.0/../../../../mingw32/bin/ld.exe: C:\Users\gustt\Desktop\Coding\CS-2303\Homework4\Debug/../src/Homework4.cpp:25: undefined reference to `production(int, char**)'
collect2.exe: error: ld returned 1 exit status
Info: Nothing to build for Spreadsheet
Info: Nothing to build for CommandLine
Info: Nothing to build for GameOfLife
Info: Nothing to build for Homework1
Info: Nothing to build for Homework2
Info: Nothing to build for Homework3
16:17:32 **** Incremental Build of configuration Debug for project Homework4 ****
Info: Internal Builder is used for build
g++ -O0 -g3 -Wall -c -fmessage-length=0 -o "src\\Room.o" "..\\src\\Room.cpp" 
g++ -O0 -g3 -Wall -c -fmessage-length=0 -o "src\\Layout.o" "..\\src\\Layout.cpp" 
..\src\Layout.cpp: In function 'Room* accessibleRooms(Layout, Room*)':
..\src\Layout.cpp:19:57: error: ISO C++ forbids comparison between pointer and integer [-fpermissive]
       && layout.roomGraph[row * layout.nRooms + col] == 1) {
                                                         ^
..\src\Layout.cpp: In function 'int numAccessibleRooms(Layout)':
..\src\Layout.cpp:37:57: error: ISO C++ forbids comparison between pointer and integer [-fpermissive]
       && layout.roomGraph[row * layout.nRooms + col] == 1) {
                                                         ^
..\src\Layout.cpp: In function 'void printGraph(Layout)':
..\src\Layout.cpp:54:11: warning: format '%d' expects argument of type 'int', but argument 2 has type 'int*' [-Wformat=]
    printf("%d\n", layout.roomGraph[i * layout.nRooms + j]);
           ^~~~~~  ~~~~~~~~~~~~~~~~~~~~~~~~~~~~~~~~~~~~~~~
Info: Nothing to build for Spreadsheet
Info: Nothing to build for Homework3
Info: Nothing to build for CommandLine
Info: Nothing to build for GameOfLife
Info: Nothing to build for Homework1
Info: Nothing to build for Homework2
Info: Nothing to build for Homework3
16:18:36 **** Incremental Build of configuration Debug for project Homework4 ****
Info: Internal Builder is used for build
g++ -O0 -g3 -Wall -c -fmessage-length=0 -o "src\\production.o" "..\\src\\production.cpp" 
..\src\production.cpp: In function 'bool production(int, char**)':
..\src\production.cpp:35:22: error: 'strtol' was not declared in this scope
     maxRooms = (int) strtol(argv[i], &eptr, 10);
                      ^~~~~~
..\src\production.cpp:35:22: note: suggested alternative: 'static'
     maxRooms = (int) strtol(argv[i], &eptr, 10);
                      ^~~~~~
                      static
..\src\production.cpp:97:53: error: cannot convert 'int (*)[numRooms]' to 'int**' in initialization
  Layout layout = { 1, numRooms, roomList, roomGraph };
                                                     ^
..\src\production.cpp:99:40: error: braces around scalar initializer for type 'int**'
  House house = { 1, layouts, { { 1 } } };
                                        ^
Info: Nothing to build for Spreadsheet
Info: Nothing to build for CommandLine
Info: Nothing to build for GameOfLife
Info: Nothing to build for Homework1
Info: Nothing to build for Homework2
Info: Nothing to build for Homework3
16:20:06 **** Incremental Build of configuration Debug for project Homework4 ****
Info: Internal Builder is used for build
g++ -O0 -g3 -Wall -c -fmessage-length=0 -o "src\\Layout.o" "..\\src\\Layout.cpp" 
..\src\Layout.cpp: In function 'Room* accessibleRooms(Layout, Room*)':
..\src\Layout.cpp:19:57: error: ISO C++ forbids comparison between pointer and integer [-fpermissive]
       && layout.roomGraph[row * layout.nRooms + col] == 1) {
                                                         ^
..\src\Layout.cpp: In function 'void printGraph(Layout)':
..\src\Layout.cpp:54:11: warning: format '%d' expects argument of type 'int', but argument 2 has type 'int*' [-Wformat=]
    printf("%d\n", layout.roomGraph[i * layout.nRooms + j]);
           ^~~~~~  ~~~~~~~~~~~~~~~~~~~~~~~~~~~~~~~~~~~~~~~
Info: Nothing to build for Spreadsheet
Info: Nothing to build for Homework3
Info: Nothing to build for Homework3
Info: Nothing to build for Homework3
Info: Nothing to build for CommandLine
Info: Nothing to build for GameOfLife
Info: Nothing to build for Homework1
Info: Nothing to build for Homework2
Info: Nothing to build for Homework3
16:21:14 **** Incremental Build of configuration Debug for project Homework4 ****
Info: Internal Builder is used for build
g++ -O0 -g3 -Wall -c -fmessage-length=0 -o "src\\House.o" "..\\src\\House.cpp" 
..\src\House.cpp: In function 'Layout* accessibleLayouts(House, Layout*)':
..\src\House.cpp:19:59: error: ISO C++ forbids comparison between pointer and integer [-fpermissive]
       && house.layoutGraph[row * house.nLayouts + col] == 1) {
                                                           ^
..\src\House.cpp: In function 'int numAccessibleLayouts(House)':
..\src\House.cpp:37:59: error: ISO C++ forbids comparison between pointer and integer [-fpermissive]
       && house.layoutGraph[row * house.nLayouts + col] == 1) {
                                                           ^
Info: Nothing to build for Spreadsheet
Info: Nothing to build for Homework3
Info: Nothing to build for CommandLine
Info: Nothing to build for GameOfLife
Info: Nothing to build for Homework1
Info: Nothing to build for Homework2
Info: Nothing to build for Homework3
16:21:45 **** Incremental Build of configuration Debug for project Homework4 ****
Info: Internal Builder is used for build
g++ -O0 -g3 -Wall -c -fmessage-length=0 -o "src\\Search.o" "..\\src\\Search.cpp" 
g++ -O0 -g3 -Wall -c -fmessage-length=0 -o "src\\tests.o" "..\\src\\tests.cpp" 
..\src\tests.cpp:39:49: error: cannot convert 'int (*)[4]' to 'int**' in initialization
 const Layout layout1 = {1, 4, rooms1, roomGraph1};
                                                 ^
..\src\tests.cpp:40:49: error: cannot convert 'int (*)[4]' to 'int**' in initialization
 const Layout layout2 = {2, 4, rooms2, roomGraph2};
                                                 ^
..\src\tests.cpp:44:39: error: cannot convert 'int (*)[2]' to 'int**' in initialization
 House house = {2, layouts, layoutGraph};
                                       ^
Info: Nothing to build for Spreadsheet
Info: Nothing to build for CommandLine
Info: Nothing to build for GameOfLife
Info: Nothing to build for Homework1
Info: Nothing to build for Homework2
Info: Nothing to build for Homework3
16:23:33 **** Incremental Build of configuration Debug for project Homework4 ****
Info: Internal Builder is used for build
g++ -O0 -g3 -Wall -c -fmessage-length=0 -o "src\\House.o" "..\\src\\House.cpp" 
..\src\House.cpp: In function 'Layout* accessibleLayouts(House, Layout*)':
..\src\House.cpp:19:59: error: ISO C++ forbids comparison between pointer and integer [-fpermissive]
       && house.layoutGraph[row * house.nLayouts + col] == 1) {
                                                           ^
..\src\House.cpp: In function 'int numAccessibleLayouts(House)':
..\src\House.cpp:37:59: error: ISO C++ forbids comparison between pointer and integer [-fpermissive]
       && house.layoutGraph[row * house.nLayouts + col] == 1) {
                                                           ^
Info: Nothing to build for Spreadsheet
Info: Nothing to build for CommandLine
Info: Nothing to build for GameOfLife
Info: Nothing to build for Homework1
Info: Nothing to build for Homework2
Info: Nothing to build for Homework3
16:24:40 **** Incremental Build of configuration Debug for project Homework4 ****
Info: Internal Builder is used for build
g++ -O0 -g3 -Wall -c -fmessage-length=0 -o "src\\House.o" "..\\src\\House.cpp" 
..\src\House.cpp: In function 'Layout* accessibleLayouts(House, Layout*)':
..\src\House.cpp:19:59: error: ISO C++ forbids comparison between pointer and integer [-fpermissive]
       && house.layoutGraph[row * house.nLayouts + col] == 1) {
                                                           ^
..\src\House.cpp: In function 'int numAccessibleLayouts(House)':
..\src\House.cpp:37:59: error: ISO C++ forbids comparison between pointer and integer [-fpermissive]
       && house.layoutGraph[row * house.nLayouts + col] == 1) {
                                                           ^
Info: Nothing to build for Spreadsheet
Info: Nothing to build for CommandLine
Info: Nothing to build for GameOfLife
Info: Nothing to build for Homework1
Info: Nothing to build for Homework2
Info: Nothing to build for Homework3
16:24:50 **** Incremental Build of configuration Debug for project Homework4 ****
Info: Internal Builder is used for build
g++ -O0 -g3 -Wall -c -fmessage-length=0 -o "src\\tests.o" "..\\src\\tests.cpp" 
..\src\tests.cpp:39:49: error: cannot convert 'int (*)[4]' to 'int**' in initialization
 const Layout layout1 = {1, 4, rooms1, roomGraph1};
                                                 ^
..\src\tests.cpp:40:49: error: cannot convert 'int (*)[4]' to 'int**' in initialization
 const Layout layout2 = {2, 4, rooms2, roomGraph2};
                                                 ^
..\src\tests.cpp:44:39: error: cannot convert 'int (*)[2]' to 'int**' in initialization
 House house = {2, layouts, layoutGraph};
                                       ^
Info: Nothing to build for Spreadsheet
Info: Nothing to build for CommandLine
Info: Nothing to build for GameOfLife
Info: Nothing to build for Homework1
Info: Nothing to build for Homework2
Info: Nothing to build for Homework3
16:25:25 **** Incremental Build of configuration Debug for project Homework4 ****
Info: Internal Builder is used for build
g++ -O0 -g3 -Wall -c -fmessage-length=0 -o "src\\production.o" "..\\src\\production.cpp" 
..\src\production.cpp: In function 'bool production(int, char**)':
..\src\production.cpp:35:22: error: 'strtol' was not declared in this scope
     maxRooms = (int) strtol(eptr, &eptr, 10);
                      ^~~~~~
..\src\production.cpp:35:22: note: suggested alternative: 'static'
     maxRooms = (int) strtol(eptr, &eptr, 10);
                      ^~~~~~
                      static
..\src\production.cpp:65:9: warning: unused variable 'search' [-Wunused-variable]
  Search search = { treasure, maxTreasure, nRooms, maxRooms, roomsSearched };
         ^~~~~~
Info: Nothing to build for Spreadsheet
Info: Nothing to build for CommandLine
Info: Nothing to build for GameOfLife
Info: Nothing to build for Homework1
Info: Nothing to build for Homework2
Info: Nothing to build for Homework3
16:26:11 **** Incremental Build of configuration Debug for project Homework4 ****
Info: Internal Builder is used for build
g++ -O0 -g3 -Wall -c -fmessage-length=0 -o "src\\House.o" "..\\src\\House.cpp" 
..\src\House.cpp: In function 'Layout* accessibleLayouts(House, Layout*)':
..\src\House.cpp:19:59: error: ISO C++ forbids comparison between pointer and integer [-fpermissive]
       && house.layoutGraph[row * house.nLayouts + col] == 1) {
                                                           ^
..\src\House.cpp: In function 'int numAccessibleLayouts(House)':
..\src\House.cpp:37:59: error: ISO C++ forbids comparison between pointer and integer [-fpermissive]
       && house.layoutGraph[row * house.nLayouts + col] == 1) {
                                                           ^
Info: Nothing to build for Spreadsheet
Info: Nothing to build for CommandLine
Info: Nothing to build for GameOfLife
Info: Nothing to build for Homework1
Info: Nothing to build for Homework2
Info: Nothing to build for Homework3
16:26:13 **** Incremental Build of configuration Debug for project Homework4 ****
Info: Internal Builder is used for build
g++ -O0 -g3 -Wall -c -fmessage-length=0 -o "src\\Homework4.o" "..\\src\\Homework4.cpp" 
g++ -O0 -g3 -Wall -c -fmessage-length=0 -o "src\\production.o" "..\\src\\production.cpp" 
..\src\production.cpp: In function 'bool production(int, char**)':
..\src\production.cpp:65:9: warning: unused variable 'search' [-Wunused-variable]
  Search search = { treasure, maxTreasure, nRooms, maxRooms, roomsSearched };
         ^~~~~~
..\src\production.cpp:76:6: warning: variable 'roomGraph' set but not used [-Wunused-but-set-variable]
  int roomGraph[numRooms][numRooms];
      ^~~~~~~~~
g++ -O0 -g3 -Wall -c -fmessage-length=0 -o "src\\tests.o" "..\\src\\tests.cpp" 
..\src\tests.cpp:39:49: error: cannot convert 'int (*)[4]' to 'int**' in initialization
 const Layout layout1 = {1, 4, rooms1, roomGraph1};
                                                 ^
..\src\tests.cpp:40:49: error: cannot convert 'int (*)[4]' to 'int**' in initialization
 const Layout layout2 = {2, 4, rooms2, roomGraph2};
                                                 ^
..\src\tests.cpp:44:39: error: cannot convert 'int (*)[2]' to 'int**' in initialization
 House house = {2, layouts, layoutGraph};
                                       ^
Info: Nothing to build for Spreadsheet
Info: Nothing to build for CommandLine
Info: Nothing to build for GameOfLife
Info: Nothing to build for Homework1
Info: Nothing to build for Homework2
Info: Nothing to build for Homework3
16:26:17 **** Incremental Build of configuration Debug for project Homework4 ****
Info: Internal Builder is used for build
g++ -O0 -g3 -Wall -c -fmessage-length=0 -o "src\\Layout.o" "..\\src\\Layout.cpp" 
..\src\Layout.cpp: In function 'Room* accessibleRooms(Layout, Room*)':
..\src\Layout.cpp:19:57: error: ISO C++ forbids comparison between pointer and integer [-fpermissive]
       && layout.roomGraph[row * layout.nRooms + col] == 1) {
                                                         ^
..\src\Layout.cpp: In function 'int numAccessibleRooms(Layout)':
..\src\Layout.cpp:37:57: error: ISO C++ forbids comparison between pointer and integer [-fpermissive]
       && layout.roomGraph[row * layout.nRooms + col] == 1) {
                                                         ^
..\src\Layout.cpp: In function 'void printGraph(Layout)':
..\src\Layout.cpp:54:11: warning: format '%d' expects argument of type 'int', but argument 2 has type 'int*' [-Wformat=]
    printf("%d\n", layout.roomGraph[i * layout.nRooms + j]);
           ^~~~~~  ~~~~~~~~~~~~~~~~~~~~~~~~~~~~~~~~~~~~~~~
Info: Nothing to build for Spreadsheet
Info: Nothing to build for CommandLine
Info: Nothing to build for GameOfLife
Info: Nothing to build for Homework1
Info: Nothing to build for Homework2
Info: Nothing to build for Homework3
16:26:21 **** Incremental Build of configuration Debug for project Homework4 ****
Info: Internal Builder is used for build
g++ -O0 -g3 -Wall -c -fmessage-length=0 -o "src\\Layout.o" "..\\src\\Layout.cpp" 
..\src\Layout.cpp: In function 'Room* accessibleRooms(Layout, Room*)':
..\src\Layout.cpp:19:57: error: ISO C++ forbids comparison between pointer and integer [-fpermissive]
       && layout.roomGraph[row * layout.nRooms + col] == 1) {
                                                         ^
..\src\Layout.cpp: In function 'int numAccessibleRooms(Layout)':
..\src\Layout.cpp:37:57: error: ISO C++ forbids comparison between pointer and integer [-fpermissive]
       && layout.roomGraph[row * layout.nRooms + col] == 1) {
                                                         ^
..\src\Layout.cpp: In function 'void printGraph(Layout)':
..\src\Layout.cpp:54:11: warning: format '%d' expects argument of type 'int', but argument 2 has type 'int*' [-Wformat=]
    printf("%d\n", layout.roomGraph[i * layout.nRooms + j]);
           ^~~~~~  ~~~~~~~~~~~~~~~~~~~~~~~~~~~~~~~~~~~~~~~
Info: Nothing to build for Spreadsheet
Info: Nothing to build for CommandLine
Info: Nothing to build for GameOfLife
Info: Nothing to build for Homework1
Info: Nothing to build for Homework2
Info: Nothing to build for Homework3
16:27:38 **** Incremental Build of configuration Debug for project Homework4 ****
Info: Internal Builder is used for build
g++ -O0 -g3 -Wall -c -fmessage-length=0 -o "src\\Search.o" "..\\src\\Search.cpp" 
g++ -O0 -g3 -Wall -c -fmessage-length=0 -o "src\\tests.o" "..\\src\\tests.cpp" 
..\src\tests.cpp:39:49: error: cannot convert 'int (*)[4]' to 'int**' in initialization
 const Layout layout1 = {1, 4, rooms1, roomGraph1};
                                                 ^
..\src\tests.cpp:40:49: error: cannot convert 'int (*)[4]' to 'int**' in initialization
 const Layout layout2 = {2, 4, rooms2, roomGraph2};
                                                 ^
..\src\tests.cpp:44:39: error: cannot convert 'int (*)[2]' to 'int**' in initialization
 House house = {2, layouts, layoutGraph};
                                       ^
Info: Nothing to build for Spreadsheet
Info: Nothing to build for CommandLine
Info: Nothing to build for GameOfLife
Info: Nothing to build for Homework1
Info: Nothing to build for Homework2
Info: Nothing to build for Homework3
16:28:20 **** Incremental Build of configuration Debug for project Homework4 ****
Info: Internal Builder is used for build
g++ -O0 -g3 -Wall -c -fmessage-length=0 -o "src\\Layout.o" "..\\src\\Layout.cpp" 
..\src\Layout.cpp: In function 'void printGraph(Layout)':
..\src\Layout.cpp:54:11: warning: format '%d' expects argument of type 'int', but argument 2 has type 'int*' [-Wformat=]
    printf("%d\n", layout.roomGraph[i * layout.nRooms + j]);
           ^~~~~~  ~~~~~~~~~~~~~~~~~~~~~~~~~~~~~~~~~~~~~~~
g++ -O0 -g3 -Wall -c -fmessage-length=0 -o "src\\Room.o" "..\\src\\Room.cpp" 
g++ -O0 -g3 -Wall -c -fmessage-length=0 -o "src\\tests.o" "..\\src\\tests.cpp" 
..\src\tests.cpp:39:51: error: cannot convert 'Room (*)[4]' to 'Room*' in initialization
 const Layout layout1 = {1, 4, &rooms1, &roomGraph1};
                                                   ^
..\src\tests.cpp:39:51: error: cannot convert 'int (*)[4][4]' to 'int**' in initialization
..\src\tests.cpp:40:51: error: cannot convert 'Room (*)[4]' to 'Room*' in initialization
 const Layout layout2 = {2, 4, &rooms2, &roomGraph2};
                                                   ^
..\src\tests.cpp:40:51: error: cannot convert 'int (*)[4][4]' to 'int**' in initialization
..\src\tests.cpp:44:39: error: cannot convert 'int (*)[2]' to 'int**' in initialization
 House house = {2, layouts, layoutGraph};
                                       ^
Info: Nothing to build for Spreadsheet
Info: Nothing to build for CommandLine
Info: Nothing to build for GameOfLife
Info: Nothing to build for Homework1
Info: Nothing to build for Homework2
Info: Nothing to build for Homework3
16:28:39 **** Incremental Build of configuration Debug for project Homework4 ****
Info: Internal Builder is used for build
g++ -O0 -g3 -Wall -c -fmessage-length=0 -o "src\\tests.o" "..\\src\\tests.cpp" 
g++ -O0 -g3 -Wall -c -fmessage-length=0 -o "src\\House.o" "..\\src\\House.cpp" 
..\src\House.cpp: In function 'Layout* accessibleLayouts(House, Layout*)':
..\src\House.cpp:19:59: error: ISO C++ forbids comparison between pointer and integer [-fpermissive]
       && house.layoutGraph[row * house.nLayouts + col] == 1) {
                                                           ^
..\src\House.cpp: In function 'int numAccessibleLayouts(House)':
..\src\House.cpp:37:59: error: ISO C++ forbids comparison between pointer and integer [-fpermissive]
       && house.layoutGraph[row * house.nLayouts + col] == 1) {
                                                           ^
Info: Nothing to build for Spreadsheet
Info: Nothing to build for CommandLine
Info: Nothing to build for GameOfLife
Info: Nothing to build for Homework1
Info: Nothing to build for Homework2
Info: Nothing to build for Homework3
16:28:54 **** Incremental Build of configuration Debug for project Homework4 ****
Info: Internal Builder is used for build
g++ -O0 -g3 -Wall -c -fmessage-length=0 -o "src\\production.o" "..\\src\\production.cpp" 
..\src\production.cpp: In function 'bool production(int, char**)':
..\src\production.cpp:17:7: warning: unused variable 'szNumbers' [-Wunused-variable]
  char szNumbers[] = "2001 60c0c0 -1101110100110100100000 0x6fffff";
       ^~~~~~~~~
..\src\production.cpp:66:9: warning: unused variable 'search' [-Wunused-variable]
  Search search = { treasure, maxTreasure, nRooms, maxRooms, roomsSearched };
         ^~~~~~
..\src\production.cpp:77:6: warning: variable 'roomGraph' set but not used [-Wunused-but-set-variable]
  int roomGraph[numRooms][numRooms];
      ^~~~~~~~~
g++ -O0 -g3 -Wall -c -fmessage-length=0 -o "src\\House.o" "..\\src\\House.cpp" 
..\src\House.cpp: In function 'Layout* accessibleLayouts(House, Layout*)':
..\src\House.cpp:19:59: error: ISO C++ forbids comparison between pointer and integer [-fpermissive]
       && house.layoutGraph[row * house.nLayouts + col] == 1) {
                                                           ^
..\src\House.cpp: In function 'int numAccessibleLayouts(House)':
..\src\House.cpp:37:59: error: ISO C++ forbids comparison between pointer and integer [-fpermissive]
       && house.layoutGraph[row * house.nLayouts + col] == 1) {
                                                           ^
Info: Nothing to build for Spreadsheet
Info: Nothing to build for CommandLine
Info: Nothing to build for GameOfLife
Info: Nothing to build for Homework1
Info: Nothing to build for Homework2
Info: Nothing to build for Homework3
16:28:56 **** Incremental Build of configuration Debug for project Homework4 ****
Info: Internal Builder is used for build
g++ -O0 -g3 -Wall -c -fmessage-length=0 -o "src\\House.o" "..\\src\\House.cpp" 
g++ -o Homework4.exe "src\\Homework4.o" "src\\House.o" "src\\Layout.o" "src\\Room.o" "src\\Search.o" "src\\production.o" "src\\tests.o" 
c:/mingw/bin/../lib/gcc/mingw32/8.2.0/../../../../mingw32/bin/ld.exe: src\tests.o: in function `Z5testsv':
C:\Users\gustt\Desktop\Coding\CS-2303\Homework4\Debug/../src/tests.cpp:12: undefined reference to `countRooms1()'
c:/mingw/bin/../lib/gcc/mingw32/8.2.0/../../../../mingw32/bin/ld.exe: C:\Users\gustt\Desktop\Coding\CS-2303\Homework4\Debug/../src/tests.cpp:13: undefined reference to `accessibleRooms1()'
c:/mingw/bin/../lib/gcc/mingw32/8.2.0/../../../../mingw32/bin/ld.exe: C:\Users\gustt\Desktop\Coding\CS-2303\Homework4\Debug/../src/tests.cpp:14: undefined reference to `countTreasureLayouts1()'
c:/mingw/bin/../lib/gcc/mingw32/8.2.0/../../../../mingw32/bin/ld.exe: C:\Users\gustt\Desktop\Coding\CS-2303\Homework4\Debug/../src/tests.cpp:15: undefined reference to `countTreasure1()'
c:/mingw/bin/../lib/gcc/mingw32/8.2.0/../../../../mingw32/bin/ld.exe: C:\Users\gustt\Desktop\Coding\CS-2303\Homework4\Debug/../src/tests.cpp:16: undefined reference to `countRooms2()'
c:/mingw/bin/../lib/gcc/mingw32/8.2.0/../../../../mingw32/bin/ld.exe: C:\Users\gustt\Desktop\Coding\CS-2303\Homework4\Debug/../src/tests.cpp:17: undefined reference to `accessibleRooms2()'
c:/mingw/bin/../lib/gcc/mingw32/8.2.0/../../../../mingw32/bin/ld.exe: C:\Users\gustt\Desktop\Coding\CS-2303\Homework4\Debug/../src/tests.cpp:18: undefined reference to `countTreasureLayouts2()'
c:/mingw/bin/../lib/gcc/mingw32/8.2.0/../../../../mingw32/bin/ld.exe: C:\Users\gustt\Desktop\Coding\CS-2303\Homework4\Debug/../src/tests.cpp:19: undefined reference to `countTreasureLayouts3()'
c:/mingw/bin/../lib/gcc/mingw32/8.2.0/../../../../mingw32/bin/ld.exe: C:\Users\gustt\Desktop\Coding\CS-2303\Homework4\Debug/../src/tests.cpp:20: undefined reference to `countTreasure2()'
c:/mingw/bin/../lib/gcc/mingw32/8.2.0/../../../../mingw32/bin/ld.exe: C:\Users\gustt\Desktop\Coding\CS-2303\Homework4\Debug/../src/tests.cpp:21: undefined reference to `countTreasure3()'
collect2.exe: error: ld returned 1 exit status
Info: Nothing to build for Spreadsheet
Info: Nothing to build for CommandLine
Info: Nothing to build for GameOfLife
Info: Nothing to build for Homework1
Info: Nothing to build for Homework2
Info: Nothing to build for Homework3
16:29:09 **** Incremental Build of configuration Debug for project Homework4 ****
Info: Internal Builder is used for build
g++ -O0 -g3 -Wall -c -fmessage-length=0 -o "src\\tests.o" "..\\src\\tests.cpp" 
g++ -o Homework4.exe "src\\Homework4.o" "src\\House.o" "src\\Layout.o" "src\\Room.o" "src\\Search.o" "src\\production.o" "src\\tests.o" 
Info: Nothing to build for Spreadsheet
Info: Nothing to build for Homework4
16:31:08 **** Incremental Build of configuration Debug for project Homework4 ****
Info: Internal Builder is used for build
g++ -O0 -g3 -Wall -c -fmessage-length=0 -o "src\\tests.o" "..\\src\\tests.cpp" 
..\src\tests.cpp:39:49: error: cannot convert 'int (*)[4]' to 'int**' in initialization
 const Layout layout1 = {1, 4, rooms1, roomGraph1};
                                                 ^
..\src\tests.cpp:40:49: error: cannot convert 'int (*)[4]' to 'int**' in initialization
 const Layout layout2 = {2, 4, rooms2, roomGraph2};
                                                 ^
..\src\tests.cpp:44:39: error: cannot convert 'int (*)[2]' to 'int**' in initialization
 House house = {2, layouts, layoutGraph};
                                       ^
16:37:36 **** Incremental Build of configuration Debug for project Homework4 ****
Info: Internal Builder is used for build
g++ -O0 -g3 -Wall -c -fmessage-length=0 -o "src\\tests.o" "..\\src\\tests.cpp" 
..\src\tests.cpp:38:21: error: cannot convert 'int (*)[4]' to 'int**' in initialization
 int **roomGraph2P = roomGraph2;
                     ^~~~~~~~~~
..\src\tests.cpp:40:49: error: cannot convert 'int (*)[4]' to 'int**' in initialization
 const Layout layout1 = {1, 4, rooms1, roomGraph1};
                                                 ^
..\src\tests.cpp:45:39: error: cannot convert 'int (*)[2]' to 'int**' in initialization
 House house = {2, layouts, layoutGraph};
                                       ^
16:38:22 **** Incremental Build of configuration Debug for project Homework4 ****
Info: Internal Builder is used for build
g++ -O0 -g3 -Wall -c -fmessage-length=0 -o "src\\tests.o" "..\\src\\tests.cpp" 
..\src\tests.cpp:38:21: error: invalid conversion from 'int' to 'int**' [-fpermissive]
 int **roomGraph2P = *roomGraph2[4];
                     ^~~~~~~~~~~~~~
..\src\tests.cpp:40:49: error: cannot convert 'int (*)[4]' to 'int**' in initialization
 const Layout layout1 = {1, 4, rooms1, roomGraph1};
                                                 ^
..\src\tests.cpp:45:39: error: cannot convert 'int (*)[2]' to 'int**' in initialization
 House house = {2, layouts, layoutGraph};
                                       ^
16:40:26 **** Incremental Build of configuration Debug for project Homework4 ****
Info: Internal Builder is used for build
g++ -O0 -g3 -Wall -c -fmessage-length=0 -o "src\\tests.o" "..\\src\\tests.cpp" 
..\src\tests.cpp:39:1: error: expected unqualified-id before 'for'
 for(int i = 0; i<4;i++){
 ^~~
..\src\tests.cpp:39:16: error: 'i' does not name a type
 for(int i = 0; i<4;i++){
                ^
..\src\tests.cpp:39:20: error: 'i' does not name a type
 for(int i = 0; i<4;i++){
                    ^
..\src\tests.cpp:43:49: error: cannot convert 'int (*)[4]' to 'int**' in initialization
 const Layout layout1 = {1, 4, rooms1, roomGraph1};
                                                 ^
..\src\tests.cpp:48:39: error: cannot convert 'int (*)[2]' to 'int**' in initialization
 House house = {2, layouts, layoutGraph};
                                       ^
16:42:46 **** Incremental Build of configuration Debug for project Homework4 ****
Info: Internal Builder is used for build
g++ -O0 -g3 -Wall -c -fmessage-length=0 -o "src\\tests.o" "..\\src\\tests.cpp" 
..\src\tests.cpp:39:1: error: expected unqualified-id before 'for'
 for(int i = 0; i < width; i++){
 ^~~
..\src\tests.cpp:39:16: error: 'i' does not name a type
 for(int i = 0; i < width; i++){
                ^
..\src\tests.cpp:39:27: error: 'i' does not name a type
 for(int i = 0; i < width; i++){
                           ^
..\src\tests.cpp:42:49: error: cannot convert 'int (*)[4]' to 'int**' in initialization
 const Layout layout1 = {1, 4, rooms1, roomGraph1};
                                                 ^
..\src\tests.cpp:47:39: error: cannot convert 'int (*)[2]' to 'int**' in initialization
 House house = {2, layouts, layoutGraph};
                                       ^
16:43:02 **** Incremental Build of configuration Debug for project Homework4 ****
Info: Internal Builder is used for build
g++ -O0 -g3 -Wall -c -fmessage-length=0 -o "src\\tests.o" "..\\src\\tests.cpp" 
..\src\tests.cpp:39:1: error: expected unqualified-id before 'for'
 for(int i = 0; i < width; i++){
 ^~~
..\src\tests.cpp:39:16: error: 'i' does not name a type
 for(int i = 0; i < width; i++){
                ^
..\src\tests.cpp:39:27: error: 'i' does not name a type
 for(int i = 0; i < width; i++){
                           ^
..\src\tests.cpp:44:22: error: 'layout1' was not declared in this scope
 Layout layouts[2] = {layout1, layout2};
                      ^~~~~~~
..\src\tests.cpp:44:22: note: suggested alternative: 'layouts'
 Layout layouts[2] = {layout1, layout2};
                      ^~~~~~~
                      layouts
..\src\tests.cpp:47:39: error: cannot convert 'int (*)[2]' to 'int**' in initialization
 House house = {2, layouts, layoutGraph};
                                       ^
16:43:13 **** Incremental Build of configuration Debug for project Homework4 ****
Info: Internal Builder is used for build
g++ -O0 -g3 -Wall -c -fmessage-length=0 -o "src\\tests.o" "..\\src\\tests.cpp" 
..\src\tests.cpp:39:1: error: expected unqualified-id before 'for'
 for(int i = 0; i < width; i++){
 ^~~
..\src\tests.cpp:39:16: error: 'i' does not name a type
 for(int i = 0; i < width; i++){
                ^
..\src\tests.cpp:39:27: error: 'i' does not name a type
 for(int i = 0; i < width; i++){
                           ^
16:44:03 **** Incremental Build of configuration Debug for project Homework4 ****
Info: Internal Builder is used for build
g++ -O0 -g3 -Wall -c -fmessage-length=0 -o "src\\tests.o" "..\\src\\tests.cpp" 
..\src\tests.cpp:39:1: error: expected unqualified-id before 'for'
 for(int i = 0; i < width; i++){
 ^~~
..\src\tests.cpp:39:16: error: 'i' does not name a type
 for(int i = 0; i < width; i++){
                ^
..\src\tests.cpp:39:27: error: 'i' does not name a type
 for(int i = 0; i < width; i++){
                           ^
16:45:43 **** Incremental Build of configuration Debug for project Homework4 ****
Info: Internal Builder is used for build
g++ -O0 -g3 -Wall -c -fmessage-length=0 -o "src\\tests.o" "..\\src\\tests.cpp" 
..\src\tests.cpp:39:1: error: expected unqualified-id before 'for'
 for(int i = 0; i < 4; i++){
 ^~~
..\src\tests.cpp:39:16: error: 'i' does not name a type
 for(int i = 0; i < 4; i++){
                ^
..\src\tests.cpp:39:23: error: 'i' does not name a type
 for(int i = 0; i < 4; i++){
                       ^
16:47:28 **** Incremental Build of configuration Debug for project Homework4 ****
Info: Internal Builder is used for build
g++ -O0 -g3 -Wall -c -fmessage-length=0 -o "src\\tests.o" "..\\src\\tests.cpp" 
..\src\tests.cpp: In function 'void initialize()':
..\src\tests.cpp:44:35: error: cannot convert 'int (*)[4]' to 'int*' in assignment
     roomGraph2P[i] = &roomGraph2[i];
                                   ^
..\src\tests.cpp:46:50: error: cannot convert 'int (*)[4]' to 'int**' in initialization
  const Layout layout1 = {1, 4, rooms1, roomGraph1};
                                                  ^
..\src\tests.cpp:52:40: error: cannot convert 'int (*)[2]' to 'int**' in initialization
  House house = {2, layouts, layoutGraph};
                                        ^
..\src\tests.cpp:52:8: warning: unused variable 'house' [-Wunused-variable]
  House house = {2, layouts, layoutGraph};
        ^~~~~
16:48:07 **** Incremental Build of configuration Debug for project Homework4 ****
Info: Internal Builder is used for build
g++ -O0 -g3 -Wall -c -fmessage-length=0 -o "src\\tests.o" "..\\src\\tests.cpp" 
..\src\tests.cpp: In function 'void initialize()':
..\src\tests.cpp:42:22: error: cannot convert 'int (*)[4]' to 'int**' in initialization
  int **roomGraph2P = roomGraph2;// new int*[4];
                      ^~~~~~~~~~
..\src\tests.cpp:46:50: error: cannot convert 'int (*)[4]' to 'int**' in initialization
  const Layout layout1 = {1, 4, rooms1, roomGraph1};
                                                  ^
..\src\tests.cpp:52:40: error: cannot convert 'int (*)[2]' to 'int**' in initialization
  House house = {2, layouts, layoutGraph};
                                        ^
..\src\tests.cpp:52:8: warning: unused variable 'house' [-Wunused-variable]
  House house = {2, layouts, layoutGraph};
        ^~~~~
16:49:56 **** Incremental Build of configuration Debug for project Homework4 ****
Info: Internal Builder is used for build
g++ -O0 -g3 -Wall -c -fmessage-length=0 -o "src\\tests.o" "..\\src\\tests.cpp" 
..\src\tests.cpp: In function 'void initialize()':
..\src\tests.cpp:46:50: error: cannot convert 'int (*)[4]' to 'int**' in initialization
  const Layout layout1 = {1, 4, rooms1, roomGraph1};
                                                  ^
..\src\tests.cpp:52:40: error: cannot convert 'int (*)[2]' to 'int**' in initialization
  House house = {2, layouts, layoutGraph};
                                        ^
..\src\tests.cpp:52:8: warning: unused variable 'house' [-Wunused-variable]
  House house = {2, layouts, layoutGraph};
        ^~~~~
16:50:19 **** Incremental Build of configuration Debug for project Homework4 ****
Info: Internal Builder is used for build
g++ -O0 -g3 -Wall -c -fmessage-length=0 -o "src\\tests.o" "..\\src\\tests.cpp" 
..\src\tests.cpp: In function 'void initialize()':
..\src\tests.cpp:51:50: error: cannot convert 'int (*)[4]' to 'int**' in initialization
  const Layout layout1 = {1, 4, rooms1, roomGraph1};
                                                  ^
..\src\tests.cpp:57:40: error: cannot convert 'int (*)[2]' to 'int**' in initialization
  House house = {2, layouts, layoutGraph};
                                        ^
..\src\tests.cpp:57:8: warning: unused variable 'house' [-Wunused-variable]
  House house = {2, layouts, layoutGraph};
        ^~~~~
16:50:26 **** Incremental Build of configuration Debug for project Homework4 ****
Info: Internal Builder is used for build
g++ -O0 -g3 -Wall -c -fmessage-length=0 -o "src\\tests.o" "..\\src\\tests.cpp" 
..\src\tests.cpp: In function 'void initialize()':
..\src\tests.cpp:57:40: error: cannot convert 'int (*)[2]' to 'int**' in initialization
  House house = {2, layouts, layoutGraph};
                                        ^
..\src\tests.cpp:57:8: warning: unused variable 'house' [-Wunused-variable]
  House house = {2, layouts, layoutGraph};
        ^~~~~
16:51:14 **** Incremental Build of configuration Debug for project Homework4 ****
Info: Internal Builder is used for build
g++ -O0 -g3 -Wall -c -fmessage-length=0 -o "src\\tests.o" "..\\src\\tests.cpp" 
..\src\tests.cpp: In function 'void initialize()':
..\src\tests.cpp:62:8: warning: unused variable 'house' [-Wunused-variable]
  House house = {2, layouts, layoutGraphP};
        ^~~~~
g++ -o Homework4.exe "src\\Homework4.o" "src\\House.o" "src\\Layout.o" "src\\Room.o" "src\\Search.o" "src\\production.o" "src\\tests.o" 
c:/mingw/bin/../lib/gcc/mingw32/8.2.0/../../../../mingw32/bin/ld.exe: cannot open output file Homework4.exe: Permission denied
collect2.exe: error: ld returned 1 exit status
16:51:27 **** Incremental Build of configuration Debug for project Homework4 ****
Info: Internal Builder is used for build
g++ -O0 -g3 -Wall -c -fmessage-length=0 -o "src\\tests.o" "..\\src\\tests.cpp" 
..\src\tests.cpp: In function 'void initialize()':
..\src\tests.cpp:62:8: warning: unused variable 'house' [-Wunused-variable]
  House house = {2, layouts, layoutGraphP};
        ^~~~~
..\src\tests.cpp: In function 'bool countRooms1()':
..\src\tests.cpp:72:28: error: 'layout1' was not declared in this scope
  return numAccessibleRooms(layout1) == 4;
                            ^~~~~~~
..\src\tests.cpp:72:28: note: suggested alternative: 'Layout'
  return numAccessibleRooms(layout1) == 4;
                            ^~~~~~~
                            Layout
..\src\tests.cpp: In function 'bool accessibleRooms1()':
..\src\tests.cpp:78:29: error: 'layout1' was not declared in this scope
  roomsTest= accessibleRooms(layout1, roomsTest);
                             ^~~~~~~
..\src\tests.cpp:78:29: note: suggested alternative: 'Layout'
  roomsTest= accessibleRooms(layout1, roomsTest);
                             ^~~~~~~
                             Layout
..\src\tests.cpp:80:10: error: 'rooms1' was not declared in this scope
   ans &= rooms1[i].isOpen == roomsTest[i].isOpen && rooms1[i].treasure == roomsTest[i].treasure;
          ^~~~~~
..\src\tests.cpp:80:10: note: suggested alternative: 'roomList'
   ans &= rooms1[i].isOpen == roomsTest[i].isOpen && rooms1[i].treasure == roomsTest[i].treasure;
          ^~~~~~
          roomList
..\src\tests.cpp: In function 'bool countTreasureLayouts1()':
..\src\tests.cpp:88:31: error: 'layout1' was not declared in this scope
  baseSearch = searchInLayouts(layout1, baseSearch);
                               ^~~~~~~
..\src\tests.cpp:88:31: note: suggested alternative: 'Layout'
  baseSearch = searchInLayouts(layout1, baseSearch);
                               ^~~~~~~
                               Layout
..\src\tests.cpp: In function 'bool countRooms2()':
..\src\tests.cpp:93:28: error: 'layout2' was not declared in this scope
  return numAccessibleRooms(layout2) == 2;
                            ^~~~~~~
..\src\tests.cpp:93:28: note: suggested alternative: 'Layout'
  return numAccessibleRooms(layout2) == 2;
                            ^~~~~~~
                            Layout
..\src\tests.cpp: In function 'bool accessibleRooms2()':
..\src\tests.cpp:97:24: error: 'room10' was not declared in this scope
   Room room2List[2] = {room10, room13};
                        ^~~~~~
..\src\tests.cpp:97:24: note: suggested alternative: 'Room'
   Room room2List[2] = {room10, room13};
                        ^~~~~~
                        Room
..\src\tests.cpp:97:32: error: 'room13' was not declared in this scope
   Room room2List[2] = {room10, room13};
                                ^~~~~~
..\src\tests.cpp:97:32: note: suggested alternative: 'Room'
   Room room2List[2] = {room10, room13};
                                ^~~~~~
                                Room
..\src\tests.cpp:99:30: error: 'layout2' was not declared in this scope
   roomsTest= accessibleRooms(layout2, roomsTest);
                              ^~~~~~~
..\src\tests.cpp:99:30: note: suggested alternative: 'Layout'
   roomsTest= accessibleRooms(layout2, roomsTest);
                              ^~~~~~~
                              Layout
..\src\tests.cpp: In function 'bool countTreasureLayouts2()':
..\src\tests.cpp:108:31: error: 'layout2' was not declared in this scope
  baseSearch = searchInLayouts(layout2, baseSearch);
                               ^~~~~~~
..\src\tests.cpp:108:31: note: suggested alternative: 'Layout'
  baseSearch = searchInLayouts(layout2, baseSearch);
                               ^~~~~~~
                               Layout
..\src\tests.cpp: In function 'bool countTreasure1()':
..\src\tests.cpp:115:23: error: 'house' was not declared in this scope
  return countTreasure(house, baseSearch) == 1+3+5;
                       ^~~~~
..\src\tests.cpp:115:23: note: suggested alternative: 'House'
  return countTreasure(house, baseSearch) == 1+3+5;
                       ^~~~~
                       House
..\src\tests.cpp: In function 'bool countTreasureLayouts3()':
..\src\tests.cpp:122:31: error: 'layout1' was not declared in this scope
  baseSearch = searchInLayouts(layout1, baseSearch);
                               ^~~~~~~
..\src\tests.cpp:122:31: note: suggested alternative: 'Layout'
  baseSearch = searchInLayouts(layout1, baseSearch);
                               ^~~~~~~
                               Layout
..\src\tests.cpp: In function 'bool countTreasure2()':
..\src\tests.cpp:130:23: error: 'house' was not declared in this scope
  return countTreasure(house, baseSearch) == 1+3;
                       ^~~~~
..\src\tests.cpp:130:23: note: suggested alternative: 'House'
  return countTreasure(house, baseSearch) == 1+3;
                       ^~~~~
                       House
..\src\tests.cpp: In function 'bool countTreasure3()':
..\src\tests.cpp:137:23: error: 'house' was not declared in this scope
  return countTreasure(house, baseSearch) == 1+3;
                       ^~~~~
..\src\tests.cpp:137:23: note: suggested alternative: 'House'
  return countTreasure(house, baseSearch) == 1+3;
                       ^~~~~
                       House
16:52:53 **** Incremental Build of configuration Debug for project Homework4 ****
Info: Internal Builder is used for build
g++ -O0 -g3 -Wall -c -fmessage-length=0 -o "src\\tests.o" "..\\src\\tests.cpp" 
..\src\tests.cpp: In function 'bool countRooms1()':
..\src\tests.cpp:74:28: error: 'layout1' was not declared in this scope
  return numAccessibleRooms(layout1) == 4;
                            ^~~~~~~
..\src\tests.cpp:74:28: note: suggested alternative: 'Layout'
  return numAccessibleRooms(layout1) == 4;
                            ^~~~~~~
                            Layout
..\src\tests.cpp: In function 'bool accessibleRooms1()':
..\src\tests.cpp:80:29: error: 'layout1' was not declared in this scope
  roomsTest= accessibleRooms(layout1, roomsTest);
                             ^~~~~~~
..\src\tests.cpp:80:29: note: suggested alternative: 'Layout'
  roomsTest= accessibleRooms(layout1, roomsTest);
                             ^~~~~~~
                             Layout
..\src\tests.cpp:82:10: error: 'rooms1' was not declared in this scope
   ans &= rooms1[i].isOpen == roomsTest[i].isOpen && rooms1[i].treasure == roomsTest[i].treasure;
          ^~~~~~
..\src\tests.cpp:82:10: note: suggested alternative: 'roomList'
   ans &= rooms1[i].isOpen == roomsTest[i].isOpen && rooms1[i].treasure == roomsTest[i].treasure;
          ^~~~~~
          roomList
..\src\tests.cpp: In function 'bool countTreasureLayouts1()':
..\src\tests.cpp:90:31: error: 'layout1' was not declared in this scope
  baseSearch = searchInLayouts(layout1, baseSearch);
                               ^~~~~~~
..\src\tests.cpp:90:31: note: suggested alternative: 'Layout'
  baseSearch = searchInLayouts(layout1, baseSearch);
                               ^~~~~~~
                               Layout
..\src\tests.cpp: In function 'bool countRooms2()':
..\src\tests.cpp:95:28: error: 'layout2' was not declared in this scope
  return numAccessibleRooms(layout2) == 2;
                            ^~~~~~~
..\src\tests.cpp:95:28: note: suggested alternative: 'Layout'
  return numAccessibleRooms(layout2) == 2;
                            ^~~~~~~
                            Layout
..\src\tests.cpp: In function 'bool accessibleRooms2()':
..\src\tests.cpp:99:24: error: 'room10' was not declared in this scope
   Room room2List[2] = {room10, room13};
                        ^~~~~~
..\src\tests.cpp:99:24: note: suggested alternative: 'Room'
   Room room2List[2] = {room10, room13};
                        ^~~~~~
                        Room
..\src\tests.cpp:99:32: error: 'room13' was not declared in this scope
   Room room2List[2] = {room10, room13};
                                ^~~~~~
..\src\tests.cpp:99:32: note: suggested alternative: 'Room'
   Room room2List[2] = {room10, room13};
                                ^~~~~~
                                Room
..\src\tests.cpp:101:30: error: 'layout2' was not declared in this scope
   roomsTest= accessibleRooms(layout2, roomsTest);
                              ^~~~~~~
..\src\tests.cpp:101:30: note: suggested alternative: 'Layout'
   roomsTest= accessibleRooms(layout2, roomsTest);
                              ^~~~~~~
                              Layout
..\src\tests.cpp: In function 'bool countTreasureLayouts2()':
..\src\tests.cpp:110:31: error: 'layout2' was not declared in this scope
  baseSearch = searchInLayouts(layout2, baseSearch);
                               ^~~~~~~
..\src\tests.cpp:110:31: note: suggested alternative: 'Layout'
  baseSearch = searchInLayouts(layout2, baseSearch);
                               ^~~~~~~
                               Layout
..\src\tests.cpp: In function 'bool countTreasureLayouts3()':
..\src\tests.cpp:124:31: error: 'layout1' was not declared in this scope
  baseSearch = searchInLayouts(layout1, baseSearch);
                               ^~~~~~~
..\src\tests.cpp:124:31: note: suggested alternative: 'Layout'
  baseSearch = searchInLayouts(layout1, baseSearch);
                               ^~~~~~~
                               Layout
16:53:43 **** Incremental Build of configuration Debug for project Homework4 ****
Info: Internal Builder is used for build
g++ -O0 -g3 -Wall -c -fmessage-length=0 -o "src\\tests.o" "..\\src\\tests.cpp" 
..\src\tests.cpp:27:14: error: uninitialized const 'layout1' [-fpermissive]
 const Layout layout1;
              ^~~~~~~
In file included from ..\src\House.h:10,
                 from ..\src\Search.h:10,
                 from ..\src\production.h:12,
                 from ..\src\tests.h:10,
                 from ..\src\tests.cpp:8:
..\src\Layout.h:11:16: note: 'const struct Layout' has no user-provided default constructor
 typedef struct {
                ^
..\src\Layout.h:12:6: note: and the implicitly-defined constructor does not initialize 'int Layout::layoutNum'
  int layoutNum;
      ^~~~~~~~~
..\src\tests.cpp:28:14: error: uninitialized const 'layout2' [-fpermissive]
 const Layout layout2;
              ^~~~~~~
In file included from ..\src\House.h:10,
                 from ..\src\Search.h:10,
                 from ..\src\production.h:12,
                 from ..\src\tests.h:10,
                 from ..\src\tests.cpp:8:
..\src\Layout.h:11:16: note: 'const struct Layout' has no user-provided default constructor
 typedef struct {
                ^
..\src\Layout.h:12:6: note: and the implicitly-defined constructor does not initialize 'int Layout::layoutNum'
  int layoutNum;
      ^~~~~~~~~
..\src\tests.cpp: In function 'void initialize()':
..\src\tests.cpp:55:38: error: passing 'const Layout' as 'this' argument discards qualifiers [-fpermissive]
  layout1 = {1, 4, rooms1, roomGraph1P};
                                      ^
In file included from ..\src\House.h:10,
                 from ..\src\Search.h:10,
                 from ..\src\production.h:12,
                 from ..\src\tests.h:10,
                 from ..\src\tests.cpp:8:
..\src\Layout.h:16:3: note:   in call to 'constexpr Layout& Layout::operator=(Layout&&)'
 } Layout;
   ^~~~~~
..\src\tests.cpp:56:38: error: passing 'const Layout' as 'this' argument discards qualifiers [-fpermissive]
  layout2 = {2, 4, rooms2, roomGraph2P};
                                      ^
In file included from ..\src\House.h:10,
                 from ..\src\Search.h:10,
                 from ..\src\production.h:12,
                 from ..\src\tests.h:10,
                 from ..\src\tests.cpp:8:
..\src\Layout.h:16:3: note:   in call to 'constexpr Layout& Layout::operator=(Layout&&)'
 } Layout;
   ^~~~~~
..\src\tests.cpp: In function 'bool accessibleRooms1()':
..\src\tests.cpp:84:10: error: 'rooms1' was not declared in this scope
   ans &= rooms1[i].isOpen == roomsTest[i].isOpen && rooms1[i].treasure == roomsTest[i].treasure;
          ^~~~~~
..\src\tests.cpp:84:10: note: suggested alternative: 'roomList'
   ans &= rooms1[i].isOpen == roomsTest[i].isOpen && rooms1[i].treasure == roomsTest[i].treasure;
          ^~~~~~
          roomList
..\src\tests.cpp: In function 'bool accessibleRooms2()':
..\src\tests.cpp:101:24: error: 'room10' was not declared in this scope
   Room room2List[2] = {room10, room13};
                        ^~~~~~
..\src\tests.cpp:101:24: note: suggested alternative: 'Room'
   Room room2List[2] = {room10, room13};
                        ^~~~~~
                        Room
..\src\tests.cpp:101:32: error: 'room13' was not declared in this scope
   Room room2List[2] = {room10, room13};
                                ^~~~~~
..\src\tests.cpp:101:32: note: suggested alternative: 'Room'
   Room room2List[2] = {room10, room13};
                                ^~~~~~
                                Room
16:53:55 **** Incremental Build of configuration Debug for project Homework4 ****
Info: Internal Builder is used for build
g++ -O0 -g3 -Wall -c -fmessage-length=0 -o "src\\tests.o" "..\\src\\tests.cpp" 
..\src\tests.cpp: In function 'bool accessibleRooms1()':
..\src\tests.cpp:84:10: error: 'rooms1' was not declared in this scope
   ans &= rooms1[i].isOpen == roomsTest[i].isOpen && rooms1[i].treasure == roomsTest[i].treasure;
          ^~~~~~
..\src\tests.cpp:84:10: note: suggested alternative: 'roomList'
   ans &= rooms1[i].isOpen == roomsTest[i].isOpen && rooms1[i].treasure == roomsTest[i].treasure;
          ^~~~~~
          roomList
..\src\tests.cpp: In function 'bool accessibleRooms2()':
..\src\tests.cpp:101:24: error: 'room10' was not declared in this scope
   Room room2List[2] = {room10, room13};
                        ^~~~~~
..\src\tests.cpp:101:24: note: suggested alternative: 'Room'
   Room room2List[2] = {room10, room13};
                        ^~~~~~
                        Room
..\src\tests.cpp:101:32: error: 'room13' was not declared in this scope
   Room room2List[2] = {room10, room13};
                                ^~~~~~
..\src\tests.cpp:101:32: note: suggested alternative: 'Room'
   Room room2List[2] = {room10, room13};
                                ^~~~~~
                                Room
16:54:38 **** Incremental Build of configuration Debug for project Homework4 ****
Info: Internal Builder is used for build
g++ -O0 -g3 -Wall -c -fmessage-length=0 -o "src\\tests.o" "..\\src\\tests.cpp" 
..\src\tests.cpp: In function 'void initialize()':
..\src\tests.cpp:37:41: error: no match for 'operator=' (operand types are 'Room' and '<brace-enclosed initializer list>')
  rooms1[4] = {room0, room1, room2, room3};
                                         ^
In file included from ..\src\Layout.h:10,
                 from ..\src\House.h:10,
                 from ..\src\Search.h:10,
                 from ..\src\production.h:12,
                 from ..\src\tests.h:10,
                 from ..\src\tests.cpp:8:
..\src\Room.h:18:3: note: candidate: 'constexpr Room& Room::operator=(const Room&)'
 } Room;
   ^~~~
..\src\Room.h:18:3: note:   no known conversion for argument 1 from '<brace-enclosed initializer list>' to 'const Room&'
..\src\Room.h:18:3: note: candidate: 'constexpr Room& Room::operator=(Room&&)'
..\src\Room.h:18:3: note:   no known conversion for argument 1 from '<brace-enclosed initializer list>' to 'Room&&'
..\src\tests.cpp:49:45: error: no match for 'operator=' (operand types are 'Room' and '<brace-enclosed initializer list>')
  rooms2[4] = {room10, room11, room12, room13};
                                             ^
In file included from ..\src\Layout.h:10,
                 from ..\src\House.h:10,
                 from ..\src\Search.h:10,
                 from ..\src\production.h:12,
                 from ..\src\tests.h:10,
                 from ..\src\tests.cpp:8:
..\src\Room.h:18:3: note: candidate: 'constexpr Room& Room::operator=(const Room&)'
 } Room;
   ^~~~
..\src\Room.h:18:3: note:   no known conversion for argument 1 from '<brace-enclosed initializer list>' to 'const Room&'
..\src\Room.h:18:3: note: candidate: 'constexpr Room& Room::operator=(Room&&)'
..\src\Room.h:18:3: note:   no known conversion for argument 1 from '<brace-enclosed initializer list>' to 'Room&&'
..\src\tests.cpp: In function 'bool accessibleRooms2()':
..\src\tests.cpp:103:24: error: 'room10' was not declared in this scope
   Room room2List[2] = {room10, room13};
                        ^~~~~~
..\src\tests.cpp:103:24: note: suggested alternative: 'rooms2'
   Room room2List[2] = {room10, room13};
                        ^~~~~~
                        rooms2
..\src\tests.cpp:103:32: error: 'room13' was not declared in this scope
   Room room2List[2] = {room10, room13};
                                ^~~~~~
..\src\tests.cpp:103:32: note: suggested alternative: 'rooms2'
   Room room2List[2] = {room10, room13};
                                ^~~~~~
                                rooms2
16:55:04 **** Incremental Build of configuration Debug for project Homework4 ****
Info: Internal Builder is used for build
g++ -O0 -g3 -Wall -c -fmessage-length=0 -o "src\\tests.o" "..\\src\\tests.cpp" 
..\src\tests.cpp: In function 'void initialize()':
..\src\tests.cpp:37:41: error: no match for 'operator=' (operand types are 'Room' and '<brace-enclosed initializer list>')
  rooms1[4] = {room0, room1, room2, room3};
                                         ^
In file included from ..\src\Layout.h:10,
                 from ..\src\House.h:10,
                 from ..\src\Search.h:10,
                 from ..\src\production.h:12,
                 from ..\src\tests.h:10,
                 from ..\src\tests.cpp:8:
..\src\Room.h:18:3: note: candidate: 'constexpr Room& Room::operator=(const Room&)'
 } Room;
   ^~~~
..\src\Room.h:18:3: note:   no known conversion for argument 1 from '<brace-enclosed initializer list>' to 'const Room&'
..\src\Room.h:18:3: note: candidate: 'constexpr Room& Room::operator=(Room&&)'
..\src\Room.h:18:3: note:   no known conversion for argument 1 from '<brace-enclosed initializer list>' to 'Room&&'
..\src\tests.cpp:49:45: error: no match for 'operator=' (operand types are 'Room' and '<brace-enclosed initializer list>')
  rooms2[4] = {room10, room11, room12, room13};
                                             ^
In file included from ..\src\Layout.h:10,
                 from ..\src\House.h:10,
                 from ..\src\Search.h:10,
                 from ..\src\production.h:12,
                 from ..\src\tests.h:10,
                 from ..\src\tests.cpp:8:
..\src\Room.h:18:3: note: candidate: 'constexpr Room& Room::operator=(const Room&)'
 } Room;
   ^~~~
..\src\Room.h:18:3: note:   no known conversion for argument 1 from '<brace-enclosed initializer list>' to 'const Room&'
..\src\Room.h:18:3: note: candidate: 'constexpr Room& Room::operator=(Room&&)'
..\src\Room.h:18:3: note:   no known conversion for argument 1 from '<brace-enclosed initializer list>' to 'Room&&'
..\src\tests.cpp: In function 'bool accessibleRooms2()':
..\src\tests.cpp:103:24: error: 'room10' was not declared in this scope
   Room room2List[2] = {room10, room13};
                        ^~~~~~
..\src\tests.cpp:103:24: note: suggested alternative: 'rooms2'
   Room room2List[2] = {room10, room13};
                        ^~~~~~
                        rooms2
..\src\tests.cpp:103:32: error: 'room13' was not declared in this scope
   Room room2List[2] = {room10, room13};
                                ^~~~~~
..\src\tests.cpp:103:32: note: suggested alternative: 'rooms2'
   Room room2List[2] = {room10, room13};
                                ^~~~~~
                                rooms2
16:55:07 **** Incremental Build of configuration Debug for project Homework4 ****
Info: Internal Builder is used for build
g++ -O0 -g3 -Wall -c -fmessage-length=0 -o "src\\tests.o" "..\\src\\tests.cpp" 
..\src\tests.cpp: In function 'void initialize()':
..\src\tests.cpp:37:38: error: assigning to an array from an initializer list
  rooms1 = {room0, room1, room2, room3};
                                      ^
..\src\tests.cpp:49:45: error: no match for 'operator=' (operand types are 'Room' and '<brace-enclosed initializer list>')
  rooms2[4] = {room10, room11, room12, room13};
                                             ^
In file included from ..\src\Layout.h:10,
                 from ..\src\House.h:10,
                 from ..\src\Search.h:10,
                 from ..\src\production.h:12,
                 from ..\src\tests.h:10,
                 from ..\src\tests.cpp:8:
..\src\Room.h:18:3: note: candidate: 'constexpr Room& Room::operator=(const Room&)'
 } Room;
   ^~~~
..\src\Room.h:18:3: note:   no known conversion for argument 1 from '<brace-enclosed initializer list>' to 'const Room&'
..\src\Room.h:18:3: note: candidate: 'constexpr Room& Room::operator=(Room&&)'
..\src\Room.h:18:3: note:   no known conversion for argument 1 from '<brace-enclosed initializer list>' to 'Room&&'
..\src\tests.cpp: In function 'bool accessibleRooms2()':
..\src\tests.cpp:103:24: error: 'room10' was not declared in this scope
   Room room2List[2] = {room10, room13};
                        ^~~~~~
..\src\tests.cpp:103:24: note: suggested alternative: 'rooms2'
   Room room2List[2] = {room10, room13};
                        ^~~~~~
                        rooms2
..\src\tests.cpp:103:32: error: 'room13' was not declared in this scope
   Room room2List[2] = {room10, room13};
                                ^~~~~~
..\src\tests.cpp:103:32: note: suggested alternative: 'rooms2'
   Room room2List[2] = {room10, room13};
                                ^~~~~~
                                rooms2
16:56:18 **** Incremental Build of configuration Debug for project Homework4 ****
Info: Internal Builder is used for build
g++ -O0 -g3 -Wall -c -fmessage-length=0 -o "src\\tests.o" "..\\src\\tests.cpp" 
g++ -o Homework4.exe "src\\Homework4.o" "src\\House.o" "src\\Layout.o" "src\\Room.o" "src\\Search.o" "src\\production.o" "src\\tests.o" 
c:/mingw/bin/../lib/gcc/mingw32/8.2.0/../../../../mingw32/bin/ld.exe: cannot open output file Homework4.exe: Permission denied
collect2.exe: error: ld returned 1 exit status
16:56:47 **** Incremental Build of configuration Debug for project Homework4 ****
Info: Internal Builder is used for build
g++ -o Homework4.exe "src\\Homework4.o" "src\\House.o" "src\\Layout.o" "src\\Room.o" "src\\Search.o" "src\\production.o" "src\\tests.o" 
16:56:55 **** Incremental Build of configuration Debug for project Homework4 ****
Info: Internal Builder is used for build
g++ -O0 -g3 -Wall -c -fmessage-length=0 -o "src\\tests.o" "..\\src\\tests.cpp" 
g++ -o Homework4.exe "src\\Homework4.o" "src\\House.o" "src\\Layout.o" "src\\Room.o" "src\\Search.o" "src\\production.o" "src\\tests.o" 
16:57:06 **** Incremental Build of configuration Debug for project Homework4 ****
Info: Internal Builder is used for build
g++ -O0 -g3 -Wall -c -fmessage-length=0 -o "src\\tests.o" "..\\src\\tests.cpp" 
g++ -o Homework4.exe "src\\Homework4.o" "src\\House.o" "src\\Layout.o" "src\\Room.o" "src\\Search.o" "src\\production.o" "src\\tests.o" 
16:57:22 **** Incremental Build of configuration Debug for project Homework4 ****
Info: Internal Builder is used for build
g++ -O0 -g3 -Wall -c -fmessage-length=0 -o "src\\tests.o" "..\\src\\tests.cpp" 
g++ -o Homework4.exe "src\\Homework4.o" "src\\House.o" "src\\Layout.o" "src\\Room.o" "src\\Search.o" "src\\production.o" "src\\tests.o" 
16:58:12 **** Incremental Build of configuration Debug for project Homework4 ****
Info: Internal Builder is used for build
g++ -O0 -g3 -Wall -c -fmessage-length=0 -o "src\\tests.o" "..\\src\\tests.cpp" 
g++ -o Homework4.exe "src\\Homework4.o" "src\\House.o" "src\\Layout.o" "src\\Room.o" "src\\Search.o" "src\\production.o" "src\\tests.o" 
16:58:31 **** Incremental Build of configuration Debug for project Homework4 ****
Info: Internal Builder is used for build
g++ -O0 -g3 -Wall -c -fmessage-length=0 -o "src\\tests.o" "..\\src\\tests.cpp" 
g++ -o Homework4.exe "src\\Homework4.o" "src\\House.o" "src\\Layout.o" "src\\Room.o" "src\\Search.o" "src\\production.o" "src\\tests.o" 
16:58:52 **** Incremental Build of configuration Debug for project Homework4 ****
Info: Internal Builder is used for build
g++ -O0 -g3 -Wall -c -fmessage-length=0 -o "src\\tests.o" "..\\src\\tests.cpp" 
g++ -O0 -g3 -Wall -c -fmessage-length=0 -o "src\\Layout.o" "..\\src\\Layout.cpp" 
..\src\Layout.cpp: In function 'Room* accessibleRooms(Layout, Room*)':
..\src\Layout.cpp:19:57: error: ISO C++ forbids comparison between pointer and integer [-fpermissive]
       && layout.roomGraph[row * layout.nRooms + col] == 1) {
                                                         ^
..\src\Layout.cpp: In function 'int numAccessibleRooms(Layout)':
..\src\Layout.cpp:37:57: error: ISO C++ forbids comparison between pointer and integer [-fpermissive]
       && layout.roomGraph[row * layout.nRooms + col] == 1) {
                                                         ^
..\src\Layout.cpp: In function 'void printGraph(Layout)':
..\src\Layout.cpp:54:11: warning: format '%d' expects argument of type 'int', but argument 2 has type 'int*' [-Wformat=]
    printf("%d\n", layout.roomGraph[i * layout.nRooms + j]);
           ^~~~~~  ~~~~~~~~~~~~~~~~~~~~~~~~~~~~~~~~~~~~~~~
16:59:06 **** Incremental Build of configuration Debug for project Homework4 ****
Info: Internal Builder is used for build
g++ -O0 -g3 -Wall -c -fmessage-length=0 -o "src\\Layout.o" "..\\src\\Layout.cpp" 
..\src\Layout.cpp: In function 'int numAccessibleRooms(Layout)':
..\src\Layout.cpp:37:57: error: ISO C++ forbids comparison between pointer and integer [-fpermissive]
       && layout.roomGraph[row * layout.nRooms + col] == 1) {
                                                         ^
..\src\Layout.cpp: In function 'void printGraph(Layout)':
..\src\Layout.cpp:54:11: warning: format '%d' expects argument of type 'int', but argument 2 has type 'int*' [-Wformat=]
    printf("%d\n", layout.roomGraph[i * layout.nRooms + j]);
           ^~~~~~  ~~~~~~~~~~~~~~~~~~~~~~~~~~~~~~~~~~~~~~~
16:59:18 **** Incremental Build of configuration Debug for project Homework4 ****
Info: Internal Builder is used for build
g++ -O0 -g3 -Wall -c -fmessage-length=0 -o "src\\Layout.o" "..\\src\\Layout.cpp" 
..\src\Layout.cpp: In function 'Room* accessibleRooms(Layout, Room*)':
..\src\Layout.cpp:19:36: error: invalid type argument of unary '*' (have 'int')
       && *layout.roomGraph[row][col] == 1) {
                                    ^
..\src\Layout.cpp: In function 'int numAccessibleRooms(Layout)':
..\src\Layout.cpp:37:57: error: ISO C++ forbids comparison between pointer and integer [-fpermissive]
       && layout.roomGraph[row * layout.nRooms + col] == 1) {
                                                         ^
..\src\Layout.cpp: In function 'void printGraph(Layout)':
..\src\Layout.cpp:54:11: warning: format '%d' expects argument of type 'int', but argument 2 has type 'int*' [-Wformat=]
    printf("%d\n", layout.roomGraph[i * layout.nRooms + j]);
           ^~~~~~  ~~~~~~~~~~~~~~~~~~~~~~~~~~~~~~~~~~~~~~~
16:59:38 **** Incremental Build of configuration Debug for project Homework4 ****
Info: Internal Builder is used for build
g++ -O0 -g3 -Wall -c -fmessage-length=0 -o "src\\Layout.o" "..\\src\\Layout.cpp" 
..\src\Layout.cpp: In function 'int numAccessibleRooms(Layout)':
..\src\Layout.cpp:37:57: error: ISO C++ forbids comparison between pointer and integer [-fpermissive]
       && layout.roomGraph[row * layout.nRooms + col] == 1) {
                                                         ^
..\src\Layout.cpp: In function 'void printGraph(Layout)':
..\src\Layout.cpp:54:11: warning: format '%d' expects argument of type 'int', but argument 2 has type 'int*' [-Wformat=]
    printf("%d\n", layout.roomGraph[i * layout.nRooms + j]);
           ^~~~~~  ~~~~~~~~~~~~~~~~~~~~~~~~~~~~~~~~~~~~~~~
16:59:48 **** Incremental Build of configuration Debug for project Homework4 ****
Info: Internal Builder is used for build
g++ -O0 -g3 -Wall -c -fmessage-length=0 -o "src\\Layout.o" "..\\src\\Layout.cpp" 
..\src\Layout.cpp: In function 'void printGraph(Layout)':
..\src\Layout.cpp:54:11: warning: format '%d' expects argument of type 'int', but argument 2 has type 'int*' [-Wformat=]
    printf("%d\n", layout.roomGraph[i * layout.nRooms + j]);
           ^~~~~~  ~~~~~~~~~~~~~~~~~~~~~~~~~~~~~~~~~~~~~~~
g++ -o Homework4.exe "src\\Homework4.o" "src\\House.o" "src\\Layout.o" "src\\Room.o" "src\\Search.o" "src\\production.o" "src\\tests.o" 
Info: Nothing to build for Homework4
17:00:05 **** Incremental Build of configuration Debug for project Homework4 ****
Info: Internal Builder is used for build
g++ -O0 -g3 -Wall -c -fmessage-length=0 -o "src\\tests.o" "..\\src\\tests.cpp" 
g++ -o Homework4.exe "src\\Homework4.o" "src\\House.o" "src\\Layout.o" "src\\Room.o" "src\\Search.o" "src\\production.o" "src\\tests.o" 
17:00:14 **** Incremental Build of configuration Debug for project Homework4 ****
Info: Internal Builder is used for build
g++ -O0 -g3 -Wall -c -fmessage-length=0 -o "src\\tests.o" "..\\src\\tests.cpp" 
g++ -o Homework4.exe "src\\Homework4.o" "src\\House.o" "src\\Layout.o" "src\\Room.o" "src\\Search.o" "src\\production.o" "src\\tests.o" 
17:00:23 **** Incremental Build of configuration Debug for project Homework4 ****
Info: Internal Builder is used for build
g++ -O0 -g3 -Wall -c -fmessage-length=0 -o "src\\tests.o" "..\\src\\tests.cpp" 
g++ -o Homework4.exe "src\\Homework4.o" "src\\House.o" "src\\Layout.o" "src\\Room.o" "src\\Search.o" "src\\production.o" "src\\tests.o" 
17:00:30 **** Incremental Build of configuration Debug for project Homework4 ****
Info: Internal Builder is used for build
g++ -O0 -g3 -Wall -c -fmessage-length=0 -o "src\\tests.o" "..\\src\\tests.cpp" 
g++ -o Homework4.exe "src\\Homework4.o" "src\\House.o" "src\\Layout.o" "src\\Room.o" "src\\Search.o" "src\\production.o" "src\\tests.o" 
08:43:34 **** Incremental Build of configuration Debug for project Homework4 ****
Info: Internal Builder is used for build
g++ -O0 -g3 -Wall -c -fmessage-length=0 -o "src\\tests.o" "..\\src\\tests.cpp" 
g++ -o Homework4.exe "src\\Homework4.o" "src\\House.o" "src\\Layout.o" "src\\Room.o" "src\\Search.o" "src\\production.o" "src\\tests.o" 
08:45:26 **** Incremental Build of configuration Debug for project Homework4 ****
Info: Internal Builder is used for build
g++ -O0 -g3 -Wall -c -fmessage-length=0 -o "src\\House.o" "..\\src\\House.cpp" 
g++ -o Homework4.exe "src\\Homework4.o" "src\\House.o" "src\\Layout.o" "src\\Room.o" "src\\Search.o" "src\\production.o" "src\\tests.o" 
08:45:55 **** Incremental Build of configuration Debug for project Homework4 ****
Info: Internal Builder is used for build
g++ -O0 -g3 -Wall -c -fmessage-length=0 -o "src\\tests.o" "..\\src\\tests.cpp" 
g++ -o Homework4.exe "src\\Homework4.o" "src\\House.o" "src\\Layout.o" "src\\Room.o" "src\\Search.o" "src\\production.o" "src\\tests.o" 
08:46:19 **** Incremental Build of configuration Debug for project Homework4 ****
Info: Internal Builder is used for build
g++ -O0 -g3 -Wall -c -fmessage-length=0 -o "src\\tests.o" "..\\src\\tests.cpp" 
g++ -O0 -g3 -Wall -c -fmessage-length=0 -o "src\\Search.o" "..\\src\\Search.cpp" 
g++ -o Homework4.exe "src\\Homework4.o" "src\\House.o" "src\\Layout.o" "src\\Room.o" "src\\Search.o" "src\\production.o" "src\\tests.o" 
08:46:27 **** Incremental Build of configuration Debug for project Homework4 ****
Info: Internal Builder is used for build
g++ -O0 -g3 -Wall -c -fmessage-length=0 -o "src\\Search.o" "..\\src\\Search.cpp" 
..\src\Search.cpp: In function 'Search searchForTreasure(House, Search)':
..\src\Search.cpp:11:6: warning: unused variable 'numLayouts' [-Wunused-variable]
  int numLayouts = numAccessibleLayouts(house);
      ^~~~~~~~~~
g++ -o Homework4.exe "src\\Homework4.o" "src\\House.o" "src\\Layout.o" "src\\Room.o" "src\\Search.o" "src\\production.o" "src\\tests.o" 
08:46:33 **** Incremental Build of configuration Debug for project Homework4 ****
Info: Internal Builder is used for build
g++ -O0 -g3 -Wall -c -fmessage-length=0 -o "src\\Search.o" "..\\src\\Search.cpp" 
..\src\Search.cpp: In function 'Search searchForTreasure(House, Search)':
..\src\Search.cpp:11:6: warning: unused variable 'numLayouts' [-Wunused-variable]
  int numLayouts = numAccessibleLayouts(house);
      ^~~~~~~~~~
..\src\Search.cpp:13:10: warning: unused variable 'layouts' [-Wunused-variable]
  Layout *layouts = layoutList;
          ^~~~~~~
g++ -o Homework4.exe "src\\Homework4.o" "src\\House.o" "src\\Layout.o" "src\\Room.o" "src\\Search.o" "src\\production.o" "src\\tests.o" 
08:46:40 **** Incremental Build of configuration Debug for project Homework4 ****
Info: Internal Builder is used for build
g++ -O0 -g3 -Wall -c -fmessage-length=0 -o "src\\Search.o" "..\\src\\Search.cpp" 
..\src\Search.cpp: In function 'Search searchForTreasure(House, Search)':
..\src\Search.cpp:11:6: warning: unused variable 'numLayouts' [-Wunused-variable]
  int numLayouts = numAccessibleLayouts(house);
      ^~~~~~~~~~
g++ -o Homework4.exe "src\\Homework4.o" "src\\House.o" "src\\Layout.o" "src\\Room.o" "src\\Search.o" "src\\production.o" "src\\tests.o" 
08:46:47 **** Incremental Build of configuration Debug for project Homework4 ****
Info: Internal Builder is used for build
g++ -O0 -g3 -Wall -c -fmessage-length=0 -o "src\\Search.o" "..\\src\\Search.cpp" 
g++ -o Homework4.exe "src\\Homework4.o" "src\\House.o" "src\\Layout.o" "src\\Room.o" "src\\Search.o" "src\\production.o" "src\\tests.o" 
08:47:12 **** Incremental Build of configuration Debug for project Homework4 ****
Info: Internal Builder is used for build
g++ -O0 -g3 -Wall -c -fmessage-length=0 -o "src\\Search.o" "..\\src\\Search.cpp" 
g++ -o Homework4.exe "src\\Homework4.o" "src\\House.o" "src\\Layout.o" "src\\Room.o" "src\\Search.o" "src\\production.o" "src\\tests.o" 
08:47:21 **** Incremental Build of configuration Debug for project Homework4 ****
Info: Internal Builder is used for build
g++ -O0 -g3 -Wall -c -fmessage-length=0 -o "src\\Search.o" "..\\src\\Search.cpp" 
g++ -o Homework4.exe "src\\Homework4.o" "src\\House.o" "src\\Layout.o" "src\\Room.o" "src\\Search.o" "src\\production.o" "src\\tests.o" 
08:47:42 **** Incremental Build of configuration Debug for project Homework4 ****
Info: Internal Builder is used for build
g++ -O0 -g3 -Wall -c -fmessage-length=0 -o "src\\Search.o" "..\\src\\Search.cpp" 
g++ -o Homework4.exe "src\\Homework4.o" "src\\House.o" "src\\Layout.o" "src\\Room.o" "src\\Search.o" "src\\production.o" "src\\tests.o" 
08:48:51 **** Incremental Build of configuration Debug for project Homework4 ****
Info: Internal Builder is used for build
g++ -O0 -g3 -Wall -c -fmessage-length=0 -o "src\\Search.o" "..\\src\\Search.cpp" 
g++ -o Homework4.exe "src\\Homework4.o" "src\\House.o" "src\\Layout.o" "src\\Room.o" "src\\Search.o" "src\\production.o" "src\\tests.o" 
Info: Nothing to build for CommandLine
Info: Nothing to build for GameOfLife
Info: Nothing to build for Homework1
Info: Nothing to build for Homework2
Info: Nothing to build for Homework3
Info: Nothing to build for Homework4
Info: Nothing to build for Spreadsheet
08:50:51 **** Incremental Build of configuration Debug for project Homework4 ****
Info: Internal Builder is used for build
g++ -O0 -g3 -Wall -c -fmessage-length=0 -o "src\\tests.o" "..\\src\\tests.cpp" 
g++ -o Homework4.exe "src\\Homework4.o" "src\\House.o" "src\\Layout.o" "src\\Room.o" "src\\Search.o" "src\\production.o" "src\\tests.o" 
